#
# There is insufficient memory for the Java Runtime Environment to continue.
# Native memory allocation (mmap) failed to map 528482304 bytes for G1 virtual space
# Possible reasons:
#   The system is out of physical RAM or swap space
#   The process is running with CompressedOops enabled, and the Java Heap may be blocking the growth of the native heap
# Possible solutions:
#   Reduce memory load on the system
#   Increase physical memory or swap space
#   Check if swap backing store is full
#   Decrease Java heap size (-Xmx/-Xms)
#   Decrease number of Java threads
#   Decrease Java thread stack sizes (-Xss)
#   Set larger code cache with -XX:ReservedCodeCacheSize=
#   JVM is running with Zero Based Compressed Oops mode in which the Java heap is
#     placed in the first 32GB address space. The Java Heap base address is the
#     maximum limit for the native heap growth. Please use -XX:HeapBaseMinAddress
#     to set the Java Heap base and to place the Java Heap above 32GB virtual address.
# This output file may be truncated or incomplete.
#
#  Out of Memory Error (os_windows.cpp:3613), pid=12132, tid=10312
#
# JRE version:  (17.0.9+9) (build )
# Java VM: OpenJDK 64-Bit Server VM (17.0.9+9, mixed mode, sharing, tiered, compressed oops, compressed class ptrs, g1 gc, windows-amd64)
# No core dump will be written. Minidumps are not enabled by default on client versions of Windows
#

---------------  S U M M A R Y ------------

Command Line: 

Host: AMD Ryzen 7 8845H w/ Radeon 780M Graphics, 16 cores, 31G,  Windows 11 , 64 bit Build 26100 (10.0.26100.5074)
Time: Mon Dec 29 11:41:12 2025  Windows 11 , 64 bit Build 26100 (10.0.26100.5074) elapsed time: 2.032422 seconds (0d 0h 0m 2s)

---------------  T H R E A D  ---------------

Current thread (0x0000000002bbdf40):  JavaThread "Unknown thread" [_thread_in_vm, id=10312, stack(0x0000000000c70000,0x0000000000d70000)]

Stack: [0x0000000000c70000,0x0000000000d70000]
Native frames: (J=compiled Java code, j=interpreted, Vv=VM code, C=native code)
V  [jvm.dll+0x67cf49]
V  [jvm.dll+0x83478a]
V  [jvm.dll+0x83624e]
V  [jvm.dll+0x8368b3]
V  [jvm.dll+0x247f1f]
V  [jvm.dll+0x679d69]
V  [jvm.dll+0x66e6ba]
V  [jvm.dll+0x307e5b]
V  [jvm.dll+0x30f306]
V  [jvm.dll+0x35f0ce]
V  [jvm.dll+0x35f2ff]
V  [jvm.dll+0x2dea58]
V  [jvm.dll+0x2df9c4]
V  [jvm.dll+0x806031]
V  [jvm.dll+0x36cf31]
V  [jvm.dll+0x7e4aac]
V  [jvm.dll+0x3f07af]
V  [jvm.dll+0x3f23e1]
C  [jli.dll+0x528f]
C  [ucrtbase.dll+0x37b0]
C  [KERNEL32.DLL+0x2e8d7]
C  [ntdll.dll+0x8d9c]


---------------  P R O C E S S  ---------------

Threads class SMR info:
_java_thread_list=0x00007ffb996cee98, length=0, elements={
}

Java Threads: ( => current thread )

Other Threads:
  0x0000000002c6b940 GCTaskThread "GC Thread#0" [stack: 0x000000002c8d0000,0x000000002c9d0000] [id=23036]
  0x000000002c9e0a10 ConcurrentGCThread "G1 Main Marker" [stack: 0x000000002cbd0000,0x000000002ccd0000] [id=7304]
  0x0000000002c6d930 ConcurrentGCThread "G1 Conc#0" [stack: 0x000000002ccd0000,0x000000002cdd0000] [id=23712]

[error occurred during error reporting (printing all threads), id 0xc0000005, EXCEPTION_ACCESS_VIOLATION (0xc0000005) at pc=0x00007ffb98e8f497]

VM state: not at safepoint (not fully initialized)

VM Mutex/Monitor currently owned by a thread:  ([mutex/lock_event])
[0x0000000002bbaf90] Heap_lock - owner thread: 0x0000000002bbdf40

Heap address: 0x000000060b400000, size: 8012 MB, Compressed Oops mode: Zero based, Oop shift amount: 3

CDS archive(s) mapped at: [0x0000000000000000-0x0000000000000000-0x0000000000000000), size 0, SharedBaseAddress: 0x0000000800000000, ArchiveRelocationMode: 1.
Narrow klass base: 0x0000000000000000, Narrow klass shift: 0, Narrow klass range: 0x0

GC Precious Log:
<Empty>

Heap:
 garbage-first heap   total 0K, used 0K [0x000000060b400000, 0x0000000800000000)
  region size 4096K, 0 young (0K), 0 survivors (0K)

[error occurred during error reporting (printing heap information), id 0xc0000005, EXCEPTION_ACCESS_VIOLATION (0xc0000005) at pc=0x00007ffb99276c79]

GC Heap History (0 events):
No events

Dll operation events (1 events):
Event: 0.006 Loaded shared library D:\Unity Hub\Editor\6000.3.2f1\Editor\Data\PlaybackEngines\AndroidPlayer\OpenJDK\bin\java.dll

Deoptimization events (0 events):
No events

Classes unloaded (0 events):
No events

Classes redefined (0 events):
No events

Internal exceptions (0 events):
No events

VM Operations (0 events):
No events

Events (0 events):
No events


Dynamic libraries:
0x00007ff6a2470000 - 0x00007ff6a247e000 	D:\Unity Hub\Editor\6000.3.2f1\Editor\Data\PlaybackEngines\AndroidPlayer\OpenJDK\bin\java.exe
0x00007ffca09a0000 - 0x00007ffca0c09000 	C:\WINDOWS\SYSTEM32\ntdll.dll
0x00007ffc9fe80000 - 0x00007ffc9ff49000 	C:\WINDOWS\System32\KERNEL32.DLL
0x00007ffc9e370000 - 0x00007ffc9e763000 	C:\WINDOWS\System32\KERNELBASE.dll
0x00007ffc9dde0000 - 0x00007ffc9df2b000 	C:\WINDOWS\System32\ucrtbase.dll
0x00007ffc1edd0000 - 0x00007ffc1ede7000 	D:\Unity Hub\Editor\6000.3.2f1\Editor\Data\PlaybackEngines\AndroidPlayer\OpenJDK\bin\jli.dll
0x00007ffbe4430000 - 0x00007ffbe444b000 	D:\Unity Hub\Editor\6000.3.2f1\Editor\Data\PlaybackEngines\AndroidPlayer\OpenJDK\bin\VCRUNTIME140.dll
0x00007ffc9ff90000 - 0x00007ffca0154000 	C:\WINDOWS\System32\USER32.dll
0x00007ffc9dfd0000 - 0x00007ffc9dff7000 	C:\WINDOWS\System32\win32u.dll
0x00007ffc7b230000 - 0x00007ffc7b4c3000 	C:\WINDOWS\WinSxS\amd64_microsoft.windows.common-controls_6595b64144ccf1df_6.0.26100.5074_none_3e0d6f78e32fd63f\COMCTL32.dll
0x00007ffc9f230000 - 0x00007ffc9f25b000 	C:\WINDOWS\System32\GDI32.dll
0x00007ffc9ea30000 - 0x00007ffc9ead9000 	C:\WINDOWS\System32\msvcrt.dll
0x00007ffc9dcb0000 - 0x00007ffc9dddd000 	C:\WINDOWS\System32\gdi32full.dll
0x00007ffc9e2c0000 - 0x00007ffc9e363000 	C:\WINDOWS\System32\msvcp_win.dll
0x00007ffc9e9f0000 - 0x00007ffc9ea1f000 	C:\WINDOWS\System32\IMM32.DLL
0x00007ffc571a0000 - 0x00007ffc571ac000 	D:\Unity Hub\Editor\6000.3.2f1\Editor\Data\PlaybackEngines\AndroidPlayer\OpenJDK\bin\vcruntime140_1.dll
0x00007ffbaf300000 - 0x00007ffbaf38d000 	D:\Unity Hub\Editor\6000.3.2f1\Editor\Data\PlaybackEngines\AndroidPlayer\OpenJDK\bin\msvcp140.dll
0x00007ffb98ba0000 - 0x00007ffb99801000 	D:\Unity Hub\Editor\6000.3.2f1\Editor\Data\PlaybackEngines\AndroidPlayer\OpenJDK\bin\server\jvm.dll
0x00007ffc9fc50000 - 0x00007ffc9fd04000 	C:\WINDOWS\System32\ADVAPI32.dll
0x00007ffca08b0000 - 0x00007ffca0956000 	C:\WINDOWS\System32\sechost.dll
0x00007ffc9fae0000 - 0x00007ffc9fbf8000 	C:\WINDOWS\System32\RPCRT4.dll
0x00007ffc9d990000 - 0x00007ffc9d9ee000 	C:\WINDOWS\SYSTEM32\POWRPROF.dll
0x00007ffc768d0000 - 0x00007ffc768da000 	C:\WINDOWS\SYSTEM32\WSOCK32.dll
0x00007ffc8b6d0000 - 0x00007ffc8b705000 	C:\WINDOWS\SYSTEM32\WINMM.dll
0x00007ffc95840000 - 0x00007ffc9584b000 	C:\WINDOWS\SYSTEM32\VERSION.dll
0x00007ffca04a0000 - 0x00007ffca0514000 	C:\WINDOWS\System32\WS2_32.dll
0x00007ffc9d970000 - 0x00007ffc9d984000 	C:\WINDOWS\SYSTEM32\UMPDC.dll
0x00007ffc9c8d0000 - 0x00007ffc9c8eb000 	C:\WINDOWS\SYSTEM32\kernel.appcore.dll
0x00007ffc56f30000 - 0x00007ffc56f3a000 	D:\Unity Hub\Editor\6000.3.2f1\Editor\Data\PlaybackEngines\AndroidPlayer\OpenJDK\bin\jimage.dll
0x00007ffc9af90000 - 0x00007ffc9b1d2000 	C:\WINDOWS\SYSTEM32\DBGHELP.DLL
0x00007ffca0530000 - 0x00007ffca08ab000 	C:\WINDOWS\System32\combase.dll
0x00007ffc9f290000 - 0x00007ffc9f367000 	C:\WINDOWS\System32\OLEAUT32.dll
0x00007ffc6d030000 - 0x00007ffc6d06d000 	C:\WINDOWS\SYSTEM32\dbgcore.DLL
0x00007ffc9df30000 - 0x00007ffc9dfc9000 	C:\WINDOWS\System32\bcryptPrimitives.dll
0x00007ffbcc140000 - 0x00007ffbcc165000 	D:\Unity Hub\Editor\6000.3.2f1\Editor\Data\PlaybackEngines\AndroidPlayer\OpenJDK\bin\java.dll

dbghelp: loaded successfully - version: 4.0.5 - missing functions: none
symbol engine: initialized successfully - sym options: 0x614 - pdb path: .;D:\Unity Hub\Editor\6000.3.2f1\Editor\Data\PlaybackEngines\AndroidPlayer\OpenJDK\bin;C:\WINDOWS\SYSTEM32;C:\WINDOWS\WinSxS\amd64_microsoft.windows.common-controls_6595b64144ccf1df_6.0.26100.5074_none_3e0d6f78e32fd63f;D:\Unity Hub\Editor\6000.3.2f1\Editor\Data\PlaybackEngines\AndroidPlayer\OpenJDK\bin\server

VM Arguments:
java_command: <unknown>
java_class_path (initial): <not set>
Launcher Type: SUN_STANDARD

[Global flags]
     intx CICompilerCount                          = 12                                        {product} {ergonomic}
     uint ConcGCThreads                            = 3                                         {product} {ergonomic}
     uint G1ConcRefinementThreads                  = 13                                        {product} {ergonomic}
   size_t G1HeapRegionSize                         = 4194304                                   {product} {ergonomic}
    uintx GCDrainStackTargetSize                   = 64                                        {product} {ergonomic}
   size_t InitialHeapSize                          = 528482304                                 {product} {ergonomic}
   size_t MarkStackSize                            = 4194304                                   {product} {ergonomic}
   size_t MaxHeapSize                              = 8401190912                                {product} {ergonomic}
   size_t MinHeapDeltaBytes                        = 4194304                                   {product} {ergonomic}
   size_t MinHeapSize                              = 8388608                                   {product} {ergonomic}
    uintx NonNMethodCodeHeapSize                   = 7602480                                {pd product} {ergonomic}
    uintx NonProfiledCodeHeapSize                  = 122027880                              {pd product} {ergonomic}
    uintx ProfiledCodeHeapSize                     = 122027880                              {pd product} {ergonomic}
    uintx ReservedCodeCacheSize                    = 251658240                              {pd product} {ergonomic}
     bool SegmentedCodeCache                       = true                                      {product} {ergonomic}
   size_t SoftMaxHeapSize                          = 8401190912                             {manageable} {ergonomic}
     bool UseCompressedClassPointers               = true                           {product lp64_product} {ergonomic}
     bool UseCompressedOops                        = true                           {product lp64_product} {ergonomic}
     bool UseG1GC                                  = true                                      {product} {ergonomic}
     bool UseLargePagesIndividualAllocation        = false                                  {pd product} {ergonomic}

Logging:
Log output configuration:
 #0: stdout all=warning uptime,level,tags
 #1: stderr all=off uptime,level,tags

Environment Variables:
PATH=C:\Program Files\OpenSSH\;D:\PlasticSCM5\server;D:\PlasticSCM5\client;C:\Program Files\NVIDIA GPU Computing Toolkit\CUDA\v12.8\bin;C:\Program Files\NVIDIA GPU Computing Toolkit\CUDA\v12.8\libnvvp;C:\Program Files\Common Files\Oracle\Java\javapath;C:\Program Files (x86)\Common Files\Oracle\Java\java8path;C:\Program Files (x86)\Common Files\Oracle\Java\javapath;C:\WINDOWS\system32;C:\WINDOWS;C:\WINDOWS\System32\Wbem;C:\WINDOWS\System32\WindowsPowerShell\v1.0\;C:\WINDOWS\System32\OpenSSH\;C:\Program Files (x86)\NVIDIA Corporation\PhysX\Common;C:\Program Files\dotnet\;D:\微信web开发者工具\dll;C:\Pr;;am Files\Git\cmd;gram Files\Git\cmd;C:\Program Files\TortoiseGit\bin;C:\Program Files (x86)\dotnet\;F:\chest\korepi\dll;C:\Program Files\NVIDIA Corporation\NVIDIA app\NvDLISR;C:\platform-tools;C:\ProgramData\chocolatey\bin;C:\Program Files\Bandizip\;D:\wechat\微信web开发者工具\dll;C:\Pro;ram Files\Git\cmd;F:\php-8.4.10-Win32-vs17-x64;C:\ProgramData\ComposerSetup\bin;C:\Program Files\TortoiseSVN\bin;C:\Program Files\Common Files\Autodesk Shared\;C:\Program Files\Filestar;C:\ProgramData\Filestar\aliases;C:\Program Files\nodejs\;C:\Program Files\PowerShell\7\;C:\Program Files\GitHub CLI\;C:\Program Files\Git\cmd;C:\Users\bbdd\AppData\Local\pnpm;d:\Trae CN\bin;C:\Users\bbdd\AppData\Local\Yarn\config\global\node_modules\.bin;C:\Users\bbdd\AppData\Roaming\Composer\vendor\bin;E:\laragon\bin\composer;E:\laragon\bin\git\bin;E:\laragon\bin\git\cmd;E:\laragon\bin\git\mingw64\bin;E:\laragon\bin\git\usr\bin;E:\laragon\bin\mysql\mysql-8.4.3-winx64\bin;E:\laragon\bin\ngrok;E:\laragon\bin\nodejs\node-v22;E:\laragon\bin\php\php-8.3.16-Win32-vs16-x64;E:\laragon\bin\python\python-3.13;E:\laragon\bin\python\python-3.13\Scripts;E:\laragon\usr\bin;C:\Users\bbdd\AppData\Local\Programs\Python\Python311\Scripts\;C:\Users\bbdd\AppData\Local\Programs\Python\Python311\;C:\Users\bbdd\AppData\Local\Programs\Python\Python313\Scripts\;C:\Users\bbdd\AppData\Local\Programs\Python\Python313\;C:\Users\bbdd\A
USERNAME=bbdd
OS=Windows_NT
PROCESSOR_IDENTIFIER=AMD64 Family 25 Model 117 Stepping 2, AuthenticAMD
TMP=C:\Users\bbdd\AppData\Local\Temp
TEMP=C:\Users\bbdd\AppData\Local\Temp



Periodic native trim disabled


---------------  S Y S T E M  ---------------

OS:
 Windows 11 , 64 bit Build 26100 (10.0.26100.5074)
OS uptime: 0 days 19:03 hours

CPU: total 16 (initial active 16) (16 cores per cpu, 2 threads per core) family 25 model 117 stepping 2 microcode 0xa705206, cx8, cmov, fxsr, ht, mmx, 3dnowpref, sse, sse2, sse3, ssse3, sse4a, sse4.1, sse4.2, popcnt, lzcnt, tsc, tscinvbit, avx, avx2, aes, erms, clmul, bmi1, bmi2, adx, avx512f, avx512dq, avx512cd, avx512bw, avx512vl, sha, fma, vzeroupper, avx512_vpopcntdq, avx512_vpclmulqdq, avx512_vaes, avx512_vnni, clflush, clflushopt, avx512_vbmi2, avx512_vbmi
Processor Information for all 16 processors :
  Max Mhz: 3801, Current Mhz: 3801, Mhz Limit: 3801

Memory: 4k page, system-wide physical 32042M (12037M free)
TotalPageFile size 36042M (AvailPageFile size 428M)
current process WorkingSet (physical memory assigned to process): 13M, peak: 13M
current process commit charge ("private bytes"): 71M, peak: 575M

vm_info: OpenJDK 64-Bit Server VM (17.0.9+9) for windows-amd64 JRE (17.0.9+9), built on Oct 26 2023 14:01:42 by "admin" with MS VC++ 16.10 / 16.11 (VS2019)

END.
